#
# A fatal error has been detected by the Java Runtime Environment:
#
#  EXCEPTION_ACCESS_VIOLATION (0xc0000005) at pc=0x0000000002ec01f0, pid=924, tid=3872
#
# JRE version: Java(TM) SE Runtime Environment (8.0_45-b14) (build 1.8.0_45-b14)
# Java VM: Java HotSpot(TM) 64-Bit Server VM (25.45-b02 mixed mode windows-amd64 compressed oops)
# Problematic frame:
# j  InterviewBit.TreeOrderOfPeopleHeight.order(Ljava/util/ArrayList;Ljava/util/ArrayList;)Ljava/util/ArrayList;+44
#
# Failed to write core dump. Minidumps are not enabled by default on client versions of Windows
#
# If you would like to submit a bug report, please visit:
#   http://bugreport.java.com/bugreport/crash.jsp
#

---------------  T H R E A D  ---------------

Current thread (0x0000000002c8e000):  JavaThread "main" [_thread_in_Java, id=3872, stack(0x0000000002c90000,0x0000000002d90000)]

siginfo: ExceptionCode=0xc0000005, reading address 0x000000050000003c

Registers:
RAX=0x000000010004c040, RBX=0x000000050000000c, RCX=0x00000000d5da2340, RDX=0x0000000000000000
RSP=0x0000000002d8f7a0, RBP=0x0000000002d8f820, RSI=0x000000002000c043, RDI=0x0000000090000021
R8 =0x0000000000000004, R9 =0x0000000002c87d40, R10=0x00000000652abba0, R11=0x0000000019e76250
R12=0x0000000000000000, R13=0x0000000002d8f7a8, R14=0x0000000000000000, R15=0x0000000002c8e000
RIP=0x0000000002ec01f0, EFLAGS=0x0000000000010202

Top of Stack: (sp=0x0000000002d8f7a0)
0x0000000002d8f7a0:   0000000002e97b10 0000000000000000
0x0000000002d8f7b0:   00000000d5da2340 0000000000000000
0x0000000002d8f7c0:   00000000d5da2c48 00000000d5da2c48
0x0000000002d8f7d0:   0000000000000000 00000000d5da2650
0x0000000002d8f7e0:   0000000002d8f7e0 0000000017882944
0x0000000002d8f7f0:   0000000002d8f850 00000000178835e8
0x0000000002d8f800:   0000000000000000 00000000178829f0
0x0000000002d8f810:   0000000002d8f7a8 0000000002d8f848
0x0000000002d8f820:   0000000002d8f898 0000000002e97b10
0x0000000002d8f830:   0000000000000000 00000000d5da2860
0x0000000002d8f840:   00000000d5da2650 00000000d5da2340
0x0000000002d8f850:   00000000d5b9d4e0 0000000002d8f858
0x0000000002d8f860:   0000000017880517 0000000002d8f8c0
0x0000000002d8f870:   0000000017880750 0000000000000000
0x0000000002d8f880:   0000000017880560 0000000002d8f848
0x0000000002d8f890:   0000000002d8f8c0 0000000002d8f9a0 

Instructions: (pc=0x0000000002ec01f0)
0x0000000002ec01d0:   ed 04 41 c1 e5 03 49 03 d5 48 89 55 e0 4c 8d 6c
0x0000000002ec01e0:   24 08 4c 89 6d f0 41 80 bf 90 03 00 00 00 74 03
0x0000000002ec01f0:   ff 63 30 ff 63 50 66 90 00 00 00 00 00 00 00 00
0x0000000002ec0200:   60 03 00 00 00 00 00 00 58 93 0a 65 00 00 00 00 


Register to memory mapping:

RAX=0x000000010004c040 is pointing into metadata
RBX=0x000000050000000c is an unknown value
RCX=0x00000000d5da2340 is an oop
java.lang.IndexOutOfBoundsException 
 - klass: 'java/lang/IndexOutOfBoundsException'
RDX=0x0000000000000000 is an unknown value
RSP=0x0000000002d8f7a0 is pointing into the stack for thread: 0x0000000002c8e000
RBP=0x0000000002d8f820 is pointing into the stack for thread: 0x0000000002c8e000
RSI=0x000000002000c043 is an unknown value
RDI=0x0000000090000021 is an unallocated location in the heap
R8 =0x0000000000000004 is an unknown value
R9 =0x0000000002c87d40 is an unknown value
R10=0x00000000652abba0 is an unknown value
R11=0x0000000019e76250 is an unknown value
R12=0x0000000000000000 is an unknown value
R13=0x0000000002d8f7a8 is pointing into the stack for thread: 0x0000000002c8e000
R14=0x0000000000000000 is an unknown value
R15=0x0000000002c8e000 is a thread


Stack: [0x0000000002c90000,0x0000000002d90000],  sp=0x0000000002d8f7a0,  free space=1021k
Native frames: (J=compiled Java code, j=interpreted, Vv=VM code, C=native code)
C  0x0000000002ec01f0


---------------  P R O C E S S  ---------------

Java Threads: ( => current thread )
  0x0000000019ea5800 JavaThread "Service Thread" daemon [_thread_blocked, id=1052, stack(0x000000001ae80000,0x000000001af80000)]
  0x0000000019eba800 JavaThread "C1 CompilerThread3" daemon [_thread_blocked, id=11160, stack(0x000000001ad80000,0x000000001ae80000)]
  0x0000000019eb9800 JavaThread "C2 CompilerThread2" daemon [_thread_blocked, id=7712, stack(0x000000001ac80000,0x000000001ad80000)]
  0x0000000019eb7000 JavaThread "C2 CompilerThread1" daemon [_thread_blocked, id=8400, stack(0x000000001ab80000,0x000000001ac80000)]
  0x0000000019eaf800 JavaThread "C2 CompilerThread0" daemon [_thread_blocked, id=4556, stack(0x000000001aa80000,0x000000001ab80000)]
  0x0000000019e96000 JavaThread "JDWP Command Reader" daemon [_thread_in_native, id=11336, stack(0x000000001a980000,0x000000001aa80000)]
  0x0000000019e92800 JavaThread "JDWP Event Helper Thread" daemon [_thread_blocked, id=10336, stack(0x000000001a880000,0x000000001a980000)]
  0x0000000019e81800 JavaThread "JDWP Transport Listener: dt_socket" daemon [_thread_blocked, id=8288, stack(0x000000001a450000,0x000000001a550000)]
  0x0000000019e78800 JavaThread "Attach Listener" daemon [_thread_blocked, id=4064, stack(0x000000001a350000,0x000000001a450000)]
  0x0000000019e77800 JavaThread "Signal Dispatcher" daemon [_thread_blocked, id=11272, stack(0x000000001a250000,0x000000001a350000)]
  0x0000000002e8c800 JavaThread "Finalizer" daemon [_thread_blocked, id=8992, stack(0x0000000019d50000,0x0000000019e50000)]
  0x0000000002e86000 JavaThread "Reference Handler" daemon [_thread_blocked, id=11668, stack(0x0000000019c50000,0x0000000019d50000)]
=>0x0000000002c8e000 JavaThread "main" [_thread_in_Java, id=3872, stack(0x0000000002c90000,0x0000000002d90000)]

Other Threads:
  0x0000000017e6a000 VMThread [stack: 0x0000000019b50000,0x0000000019c50000] [id=11904]
  0x0000000019f3b000 WatcherThread [stack: 0x000000001af80000,0x000000001b080000] [id=3876]

VM state:not at safepoint (normal execution)

VM Mutex/Monitor currently owned by a thread: None

Heap:
 PSYoungGen      total 38400K, used 3328K [0x00000000d5b00000, 0x00000000d8580000, 0x0000000100000000)
  eden space 33280K, 10% used [0x00000000d5b00000,0x00000000d5e400d0,0x00000000d7b80000)
  from space 5120K, 0% used [0x00000000d8080000,0x00000000d8080000,0x00000000d8580000)
  to   space 5120K, 0% used [0x00000000d7b80000,0x00000000d7b80000,0x00000000d8080000)
 ParOldGen       total 87552K, used 0K [0x0000000081000000, 0x0000000086580000, 0x00000000d5b00000)
  object space 87552K, 0% used [0x0000000081000000,0x0000000081000000,0x0000000086580000)
 Metaspace       used 2766K, capacity 4502K, committed 4864K, reserved 1056768K
  class space    used 309K, capacity 390K, committed 512K, reserved 1048576K

Card table byte_map: [0x0000000012250000,0x0000000012650000] byte_map_base: 0x0000000011e48000

Marking Bits: (ParMarkBitMap*) 0x00000000652c4040
 Begin Bits: [0x0000000013100000, 0x00000000150c0000)
 End Bits:   [0x00000000150c0000, 0x0000000017080000)

Polling page: 0x0000000001190000

CodeCache: size=245760Kb used=1153Kb max_used=1153Kb free=244606Kb
 bounds [0x0000000002e90000, 0x0000000003100000, 0x0000000011e90000]
 total_blobs=281 nmethods=45 adapters=157
 compilation: enabled

Compilation events (10 events):
Event: 0.153 Thread 0x0000000019eba800   41       3       java.util.HashMap::afterNodeInsertion (1 bytes)
Event: 0.153 Thread 0x0000000019eba800 nmethod 41 0x0000000002faf450 code [0x0000000002faf5a0, 0x0000000002faf6f0]
Event: 17.315 Thread 0x0000000019eba800   43       3       java.util.Arrays::copyOf (19 bytes)
Event: 17.315 Thread 0x0000000019eba800 nmethod 43 0x0000000002fae6d0 code [0x0000000002fae840, 0x0000000002faeb88]
Event: 17.315 Thread 0x0000000019eba800   42       3       java.lang.AbstractStringBuilder::<init> (12 bytes)
Event: 17.315 Thread 0x0000000019eba800 nmethod 42 0x0000000002fae250 code [0x0000000002fae3c0, 0x0000000002fae610]
Event: 18.270 Thread 0x0000000019eba800   44       3       java.lang.AbstractStringBuilder::expandCapacity (50 bytes)
Event: 18.270 Thread 0x0000000019eba800 nmethod 44 0x0000000002fad8d0 code [0x0000000002fada80, 0x0000000002fadff8]
Event: 79.020 Thread 0x0000000019eba800   45       3       java.lang.StringBuilder::<init> (7 bytes)
Event: 79.020 Thread 0x0000000019eba800 nmethod 45 0x0000000002fb0490 code [0x0000000002fb0600, 0x0000000002fb08b0]

GC Heap History (0 events):
No events

Deoptimization events (0 events):
No events

Internal exceptions (2 events):
Event: 0.031 Thread 0x0000000002c8e000 Exception <a 'java/lang/NoSuchMethodError': Method sun.misc.Unsafe.defineClass(Ljava/lang/String;[BII)Ljava/lang/Class; name or signature does not match> (0x00000000d5b0d7f0) thrown at [C:\re\workspace\8-2-build-windows-amd64-cygwin\jdk8u45\3457\hotspot\srÐå¾´ÃœŸ?
Event: 0.031 Thread 0x0000000002c8e000 Exception <a 'java/lang/NoSuchMethodError': Method sun.misc.Unsafe.prefetchRead(Ljava/lang/Object;J)V name or signature does not match> (0x00000000d5b0da80) thrown at [C:\re\workspace\8-2-build-windows-amd64-cygwin\jdk8u45\3457\hotspot\src\share\vm\prims\j

Events (10 events):
Event: 82.236 Executing VM operation: GetCurrentLocation
Event: 82.236 Executing VM operation: GetCurrentLocation done
Event: 82.236 Executing VM operation: ChangeSingleStep
Event: 82.236 Executing VM operation: ChangeSingleStep done
Event: 82.236 Executing VM operation: ChangeSingleStep
Event: 82.236 Executing VM operation: ChangeSingleStep done
Event: 82.236 Executing VM operation: GetCurrentLocation
Event: 82.236 Executing VM operation: GetCurrentLocation done
Event: 82.236 Executing VM operation: ChangeSingleStep
Event: 82.236 Executing VM operation: ChangeSingleStep done


Dynamic libraries:
0x00007ff6ca030000 - 0x00007ff6ca067000 	C:\Program Files\Java\jre1.8.0_45\bin\javaw.exe
0x00007ffe3b890000 - 0x00007ffe3ba3c000 	C:\Windows\SYSTEM32\ntdll.dll
0x00007ffe3a940000 - 0x00007ffe3aa7a000 	C:\Windows\system32\KERNEL32.DLL
0x00007ffe38bc0000 - 0x00007ffe38ccf000 	C:\Windows\system32\KERNELBASE.dll
0x00007ffe376b0000 - 0x00007ffe3773e000 	C:\Windows\system32\apphelp.dll
0x00007ffe29d70000 - 0x00007ffe29dc3000 	C:\Windows\AppPatch\AppPatch64\AcGenral.DLL
0x00007ffe3b5e0000 - 0x00007ffe3b687000 	C:\Windows\system32\msvcrt.dll
0x00007ffe388d0000 - 0x00007ffe388fb000 	C:\Windows\SYSTEM32\SspiCli.dll
0x00007ffe38fb0000 - 0x00007ffe39001000 	C:\Windows\system32\SHLWAPI.dll
0x00007ffe3afb0000 - 0x00007ffe3b121000 	C:\Windows\system32\USER32.dll
0x00007ffe3a540000 - 0x00007ffe3a6d4000 	C:\Windows\system32\ole32.dll
0x00007ffe39010000 - 0x00007ffe3a529000 	C:\Windows\system32\SHELL32.dll
0x00007ffe38090000 - 0x00007ffe380ae000 	C:\Windows\SYSTEM32\USERENV.dll
0x00007ffe3b1e0000 - 0x00007ffe3b285000 	C:\Windows\system32\ADVAPI32.dll
0x00007ffe27d20000 - 0x00007ffe27d3b000 	C:\Windows\SYSTEM32\MPR.dll
0x00007ffe3a7f0000 - 0x00007ffe3a931000 	C:\Windows\system32\RPCRT4.dll
0x00007ffe3a790000 - 0x00007ffe3a7e9000 	C:\Windows\SYSTEM32\sechost.dll
0x00007ffe3aa80000 - 0x00007ffe3ac56000 	C:\Windows\SYSTEM32\combase.dll
0x00007ffe3adc0000 - 0x00007ffe3af10000 	C:\Windows\system32\GDI32.dll
0x00007ffe38aa0000 - 0x00007ffe38ab4000 	C:\Windows\SYSTEM32\profapi.dll
0x00007ffe37320000 - 0x00007ffe373d2000 	C:\Windows\SYSTEM32\SHCORE.dll
0x00007ffe3a6e0000 - 0x00007ffe3a714000 	C:\Windows\system32\IMM32.DLL
0x00007ffe3ac60000 - 0x00007ffe3adb2000 	C:\Windows\system32\MSCTF.dll
0x000000006a1d0000 - 0x000000006a257000 	C:\Windows\System32\SYSFER.DLL
0x00007ffe36c10000 - 0x00007ffe36e8a000 	C:\Windows\WinSxS\amd64_microsoft.windows.common-controls_6595b64144ccf1df_6.0.9600.17810_none_6240b9c7ecbd0bda\COMCTL32.dll
0x0000000064650000 - 0x0000000064722000 	C:\Program Files\Java\jre1.8.0_45\bin\msvcr100.dll
0x0000000064ac0000 - 0x0000000065343000 	C:\Program Files\Java\jre1.8.0_45\bin\server\jvm.dll
0x00007ffe30290000 - 0x00007ffe30299000 	C:\Windows\SYSTEM32\WSOCK32.dll
0x00007ffe36050000 - 0x00007ffe3606f000 	C:\Windows\SYSTEM32\WINMM.dll
0x00007ffe36210000 - 0x00007ffe3621a000 	C:\Windows\SYSTEM32\VERSION.dll
0x00007ffe3a720000 - 0x00007ffe3a727000 	C:\Windows\system32\PSAPI.DLL
0x00007ffe3a730000 - 0x00007ffe3a788000 	C:\Windows\system32\WS2_32.dll
0x00007ffe35f60000 - 0x00007ffe35f8a000 	C:\Windows\SYSTEM32\WINMMBASE.dll
0x00007ffe3b570000 - 0x00007ffe3b579000 	C:\Windows\system32\NSI.dll
0x00007ffe38b70000 - 0x00007ffe38bba000 	C:\Windows\SYSTEM32\cfgmgr32.dll
0x00007ffe37910000 - 0x00007ffe37936000 	C:\Windows\SYSTEM32\DEVOBJ.dll
0x00000000660e0000 - 0x00000000660ef000 	C:\Program Files\Java\jre1.8.0_45\bin\verify.dll
0x0000000064a90000 - 0x0000000064ab9000 	C:\Program Files\Java\jre1.8.0_45\bin\java.dll
0x00000000649e0000 - 0x0000000064a15000 	C:\Program Files\Java\jre1.8.0_45\bin\jdwp.dll
0x00000000670e0000 - 0x00000000670e8000 	C:\Program Files\Java\jre1.8.0_45\bin\npt.dll
0x0000000065470000 - 0x0000000065486000 	C:\Program Files\Java\jre1.8.0_45\bin\zip.dll
0x00000000670b0000 - 0x00000000670b9000 	C:\Program Files\Java\jre1.8.0_45\bin\dt_socket.dll
0x00007ffe2c5e0000 - 0x00007ffe2c5f4000 	C:\Windows\system32\napinsp.dll
0x00007ffe2c5c0000 - 0x00007ffe2c5d9000 	C:\Windows\system32\pnrpnsp.dll
0x00007ffe33540000 - 0x00007ffe3355b000 	C:\Windows\system32\NLAapi.dll
0x00007ffe382e0000 - 0x00007ffe38338000 	C:\Windows\System32\mswsock.dll
0x00007ffe380f0000 - 0x00007ffe38193000 	C:\Windows\SYSTEM32\DNSAPI.dll
0x00007ffe2c5b0000 - 0x00007ffe2c5bc000 	C:\Windows\System32\winrnr.dll
0x0000000067360000 - 0x0000000067386000 	C:\Program Files\Bonjour\mdnsNSP.dll
0x00007ffe317e0000 - 0x00007ffe31809000 	C:\Windows\SYSTEM32\Iphlpapi.DLL
0x00007ffe317c0000 - 0x00007ffe317ca000 	C:\Windows\SYSTEM32\WINNSI.DLL
0x00007ffe31360000 - 0x00007ffe313c8000 	C:\Windows\System32\fwpuclnt.dll
0x00007ffe2e4c0000 - 0x00007ffe2e4c9000 	C:\Windows\System32\rasadhlp.dll
0x00007ffe2e060000 - 0x00007ffe2e1e8000 	C:\Windows\SYSTEM32\dbghelp.dll

VM Arguments:
jvm_args: -agentlib:jdwp=transport=dt_socket,suspend=y,address=localhost:58287 -Dfile.encoding=Cp1252 
java_command: InterviewBit.TreeOrderOfPeopleHeight
java_class_path (initial): C:\Users\anish\workspace\InterviewQuestions\bin;C:\Users\anish\.p2\pool\plugins\org.junit_4.12.0.v201504281640\junit.jar;C:\Users\anish\.p2\pool\plugins\org.hamcrest.core_1.3.0.v201303031735.jar
Launcher Type: SUN_STANDARD

Environment Variables:
JAVA_HOME=C:\Program Files\Java\jdk1.8.0_31
PATH=C:/Program Files/Java/jre1.8.0_45/bin/server;C:/Program Files/Java/jre1.8.0_45/bin;C:/Program Files/Java/jre1.8.0_45/lib/amd64;C:\ProgramData\Oracle\Java\javapath;C:\Program Files (x86)\NVIDIA Corporation\PhysX\Common;C:\Program Files (x86)\Intel\iCLS Client\;C:\Program Files\Intel\iCLS Client\;C:\Windows\system32;C:\Windows;C:\Windows\System32\Wbem;C:\Windows\System32\WindowsPowerShell\v1.0\;C:\Program Files (x86)\Windows Live\Shared;C:\Program Files\Intel\Intel(R) Management Engine Components\DAL;C:\Program Files\Intel\Intel(R) Management Engine Components\IPT;C:\Program Files (x86)\Intel\Intel(R) Management Engine Components\DAL;C:\Program Files (x86)\Intel\Intel(R) Management Engine Components\IPT;C:\Program Files\Hewlett-Packard\SimplePass\;C:\Program Files (x86)\PharosSystems\Core;C:\Program Files (x86)\QuickTime\QTSystem\;C:\Program Files\Java\jdk1.8.0_31\bin;C:\Program Files (x86)\Windows Kits\8.1\Windows Performance Toolkit\;C:\Program Files (x86)\Microsoft SDKs\TypeScript\1.0\;C:\Program Files\Git\cmd;C:\Program Files\nodejs\;C:\Program Files (x86)\Skype\Phone\;;C:\Program Files (x86)\Microsoft VS Code\bin;C:\Users\anish\AppData\Roaming\npm;C:\Windows\system32;
USERNAME=Anish
OS=Windows_NT
PROCESSOR_IDENTIFIER=Intel64 Family 6 Model 60 Stepping 3, GenuineIntel



---------------  S Y S T E M  ---------------

OS: Windows 8.1 , 64 bit Build 9600 (6.3.9600.17056)

CPU:total 8 (4 cores per cpu, 2 threads per core) family 6 model 60 stepping 3, cmov, cx8, fxsr, mmx, sse, sse2, sse3, ssse3, sse4.1, sse4.2, popcnt, avx, avx2, aes, clmul, erms, lzcnt, ht, tsc, tscinvbit, bmi1, bmi2

Memory: 4k page, physical 8319000k(3336408k free), swap 12775448k(5656520k free)

vm_info: Java HotSpot(TM) 64-Bit Server VM (25.45-b02) for windows-amd64 JRE (1.8.0_45-b14), built on Apr 10 2015 10:34:15 by "java_re" with MS VC++ 10.0 (VS2010)

time: Mon Mar 20 00:56:30 2017
elapsed time: 82 seconds (0d 0h 1m 22s)

